<testsuite failures="0" name="src/test/java/featurefiles/karate07JsonRestService.feature" skipped="0" tests="1" time="0.016572">
  <testcase classname="src.test.java.featurefiles.karate07JsonRestService" name="Data Type Validation Test Case" time="0.016572">
    <system-out>Given def a = 10 .......................................................... passed
And def b = "karate" ...................................................... passed
* def c = true ............................................................ passed
* match a == "#number" .................................................... passed
* match b == "#string" .................................................... passed
* match c == "#boolean" ................................................... passed
* print "#number" ......................................................... passed</system-out>
  </testcase>
</testsuite>
