<testsuite failures="1" name="src/test/java/featurefiles/karate03.feature" skipped="0" tests="1" time="0.016364">
  <testcase classname="src.test.java.featurefiles.karate03" name="Karate Json TestCase6" time="0.016364">
    <failure message="karate03.feature:55 - evaluation (js) failed: ( assert  xml/info/tool[1]/name contains  &quot;Karate&quot; &amp;&amp;  assert xml/info/tool[2]/name contains  &quot;IntelliJ&quot; ), javax.script.ScriptException: &lt;eval&gt;:1:10 Expected ) but found xml&#13;&#10;( assert  xml/info/tool[1]/name contains  &quot;Karate&quot; &amp;&amp;  assert xml/info/tool[2]/name contains  &quot;IntelliJ&quot; )&#13;&#10;          ^ in &lt;eval&gt; at line number 1 at column number 10&#10;stack trace: jdk.nashorn.api.scripting.NashornScriptEngine.throwAsScriptException(NashornScriptEngine.java:470)">Given def xml = ........................................................... passed
* match xml/info/tool[1]/name contains  "Karate" .......................... passed
* match xml/info/tool[2]/name contains  "IntelliJ" ........................ passed
* assert true &amp;&amp; true ..................................................... passed
* assert ( assert  xml/info/tool[1]/name contains  "Karate" &amp;&amp;  assert xml/info/tool[2]/name contains  "IntelliJ" ) . failed

Stack Trace:
com.intuit.karate.exception.KarateException: karate03.feature:55 - evaluation (js) failed: ( assert  xml/info/tool[1]/name contains  "Karate" &amp;&amp;  assert xml/info/tool[2]/name contains  "IntelliJ" ), javax.script.ScriptException: &lt;eval&gt;:1:10 Expected ) but found xml&#13;
( assert  xml/info/tool[1]/name contains  "Karate" &amp;&amp;  assert xml/info/tool[2]/name contains  "IntelliJ" )&#13;
          ^ in &lt;eval&gt; at line number 1 at column number 10
stack trace: jdk.nashorn.api.scripting.NashornScriptEngine.throwAsScriptException(NashornScriptEngine.java:470)&#13;
	at âœ½.* assert ( assert  xml/info/tool[1]/name contains  "Karate" &amp;&amp;  assert xml/info/tool[2]/name contains  "IntelliJ" ) (karate03.feature:55)</failure>
  </testcase>
</testsuite>
