<testsuite failures="1" name="src/test/java/featurefiles/karate08.feature" skipped="0" tests="1" time="0.020725">
  <testcase classname="src.test.java.featurefiles.karate08" name="Karate Regular expression TestCase" time="0.020725">
    <failure message="karate08.feature:18 - path: $, actual: 'Karate Framework Training', expected: '#regex (\w+\s)+', reason: regex match failed">Given def a = "10" ........................................................ passed
* def b = "Karate" ........................................................ passed
* def c = "Karate Framework Training" ..................................... passed
* match a == "#regex [0-9]+" .............................................. passed
* match a == "#regex \\d+" ................................................ passed
* match b == "#regex \\w+" ................................................ passed
* match b == "#regex [A-Z][a-z]+" ......................................... passed
* match c == "#regex [A-Za-z\\s]+" ........................................ passed
* match c == "#regex (\\w+\\s)+" .......................................... failed

Stack Trace:
com.intuit.karate.exception.KarateException: karate08.feature:18 - path: $, actual: 'Karate Framework Training', expected: '#regex (\w+\s)+', reason: regex match failed&#13;
	at âœ½.* match c == "#regex (\\w+\\s)+" (karate08.feature:18)</failure>
  </testcase>
</testsuite>
