<testsuite failures="0" name="src/test/java/featurefiles/DataDrivenTesting.feature" skipped="0" tests="2" time="1.268224">
  <testcase classname="src.test.java.featurefiles.DataDrivenTesting" name="DDT TestCase2" time="0.935268">
    <system-out>Given url "https://www.w3schools.com/xml/tempconvert.asmx/CelsiusToFahrenheit" . passed
And header Content-Type = "application/x-www-form-urlencoded" ............. passed
And request "Celsius=37" .................................................. passed
When method POST .......................................................... passed
Then status 200 ........................................................... passed
* print responseHeader .................................................... passed
* print responseType ...................................................... passed
* print responseTime ...................................................... passed
* print response .......................................................... passed
* match response //string == 98.6 ......................................... passed</system-out>
  </testcase>
  <testcase classname="src.test.java.featurefiles.DataDrivenTesting" name="DDT TestCase2" time="0.332956">
    <system-out>Given url "https://www.w3schools.com/xml/tempconvert.asmx/CelsiusToFahrenheit" . passed
And header Content-Type = "application/x-www-form-urlencoded" ............. passed
And request "Celsius=37" .................................................. passed
When method POST .......................................................... passed
Then status 200 ........................................................... passed
* print responseHeader .................................................... passed
* print responseType ...................................................... passed
* print responseTime ...................................................... passed
* print response .......................................................... passed
* match response //string == 98.6 ......................................... passed
Given url "https://www.w3schools.com/xml/tempconvert.asmx/CelsiusToFahrenheit" . passed
And header Content-Type = "application/x-www-form-urlencoded" ............. passed
And request "Celsius=40" .................................................. passed
When method POST .......................................................... passed
Then status 200 ........................................................... passed
* print responseHeader .................................................... passed
* print responseType ...................................................... passed
* print responseTime ...................................................... passed
* print response .......................................................... passed
* match response //string == 104 .......................................... passed</system-out>
  </testcase>
</testsuite>
