<testsuite failures="0" name="src/test/java/featurefiles/karate15Splunk.feature" skipped="0" tests="1" time="0.584475">
  <testcase classname="src.test.java.featurefiles.karate15Splunk" name="Alert Search 1" time="0.584475">
    <system-out>* def login = ............................................................. passed
* def auth = login("palmetoadmin", "P@lmeto@123") ......................... passed
* print auth .............................................................. passed
* configure ssl = true .................................................... passed
Given url "https://192.168.1.62:8089" ..................................... passed
And header Authorization = auth ........................................... passed
Given path "/services/alerts/alert_actions" ............................... passed
When method get ........................................................... passed
Then status 200 ........................................................... passed
* print responseType ...................................................... passed
* def util = Java.type("misc.MyUtils") .................................... passed
* def res1 = get response ................................................. passed
* util.writeToFile("splunk.txt", res1) .................................... passed
* def title = get response //feed/title ................................... passed
* print title ............................................................. passed
* match title == "alert_actions" .......................................... passed</system-out>
  </testcase>
</testsuite>
