<testsuite failures="0" name="src/test/java/featurefiles/karate01.feature" skipped="0" tests="3" time="0.048005">
  <testcase classname="src.test.java.featurefiles.karate01" name="Karate TestCase1" time="0.043113">
    <system-out>Given def a = 10 .......................................................... passed
And def b = 20 ............................................................ passed
When def c = a + b ........................................................ passed
Then assert  c == 30 ...................................................... passed
And print "c = ", c ....................................................... passed
And karate.log("end of test") ............................................. passed</system-out>
  </testcase>
  <testcase classname="src.test.java.featurefiles.karate01" name="Karate TestCase2" time="0.002596">
    <system-out>Given def a = 10 .......................................................... passed
And def b = 20 ............................................................ passed
When def c = a + b ........................................................ passed
Then assert  c == 30 ...................................................... passed
And print "c = ", c ....................................................... passed
And karate.log("end of test") ............................................. passed
Given def a = 10 .......................................................... passed
* def b = 20 .............................................................. passed
When def c = a + b ........................................................ passed
Then assert  c == 30 ...................................................... passed
* print "c = ", c ......................................................... passed
* karate.log("end of test") ............................................... passed</system-out>
  </testcase>
  <testcase classname="src.test.java.featurefiles.karate01" name="Karate TestCase3" time="0.002296">
    <system-out>Given def a = 10 .......................................................... passed
And def b = 20 ............................................................ passed
When def c = a + b ........................................................ passed
Then assert  c == 30 ...................................................... passed
And print "c = ", c ....................................................... passed
And karate.log("end of test") ............................................. passed
Given def a = 10 .......................................................... passed
* def b = 20 .............................................................. passed
When def c = a + b ........................................................ passed
Then assert  c == 30 ...................................................... passed
* print "c = ", c ......................................................... passed
* karate.log("end of test") ............................................... passed
* def a = 10 .............................................................. passed
* def b = 20 .............................................................. passed
* def c = a + b ........................................................... passed
* assert  c == 30 ......................................................... passed
* print "c = ", c ......................................................... passed
* karate.log("end of test") ............................................... passed</system-out>
  </testcase>
</testsuite>
