<testsuite failures="0" name="featurefiles/DBTest.feature" skipped="0" tests="2" time="0.047729">
  <testcase classname="featurefiles.DBTest" name="Non static method TC" time="0.027645">
    <system-out>* def env1 = .............................................................. passed
* print env1() ............................................................ passed
* def res = call env1 ..................................................... passed
* print res ............................................................... passed</system-out>
  </testcase>
  <testcase classname="featurefiles.DBTest" name="static method TC" time="0.020084">
    <system-out>* def env1 = .............................................................. passed
* print env1() ............................................................ passed
* def res = call env1 ..................................................... passed
* print res ............................................................... passed
* def env2 = .............................................................. passed
* print env2() ............................................................ passed</system-out>
  </testcase>
</testsuite>
