<testsuite failures="1" name="featurefiles/karate16ActiveMQ.feature" skipped="0" tests="1" time="0.025987">
  <testcase classname="featurefiles.karate16ActiveMQ" name="Getting ActiveMQ Server Status" time="0.025987">
    <failure message="karate16ActiveMQ.feature:33 - path: $.value.agent, actual: null, expected: '1.3.4', reason: actual json-path does not exist">* def login = ............................................................. passed
* def auth = login("admin", "admin") ...................................... passed
* print auth .............................................................. passed
Given url "http://192.168.1.62:8161" ...................................... passed
And header Authorization = auth ........................................... passed
Given path "/api/jolokia" ................................................. passed
When method get ........................................................... passed
Then status 200 ........................................................... passed
* print responseType ...................................................... passed
* def util = Java.type("misc.MyUtils") .................................... passed
* def res = get response .................................................. passed
* util.writeToFile("activeMQ.json", res) .................................. passed
* assert responseType == "json" ........................................... passed
* match response.value.agent == "1.3.4" ................................... failed

Stack Trace:
com.intuit.karate.exception.KarateException: karate16ActiveMQ.feature:33 - path: $.value.agent, actual: null, expected: '1.3.4', reason: actual json-path does not exist&#13;
	at âœ½.* match response.value.agent == "1.3.4" (karate16ActiveMQ.feature:33)&#13;

* match response.value.info.product == "activemq" ......................... skipped</failure>
  </testcase>
</testsuite>
