<testsuite failures="0" name="featurefiles/calledfeature.feature" skipped="0" tests="1" time="0.844172">
  <testcase classname="featurefiles.calledfeature" name="CalledFeature TestCase1" time="0.844172">
    <system-out>Given url "https://www.w3schools.com/xml/tempconvert.asmx/CelsiusToFahrenheit" . passed
And header Content-Type = "application/x-www-form-urlencoded" ............. passed
And request "Celsius=40" .................................................. passed
When method POST .......................................................... passed
Then status 200 ........................................................... passed
* print responseHeader .................................................... passed
* print responseType ...................................................... passed
* print responseTime ...................................................... passed
* print response .......................................................... passed
* match response contains 104 ............................................. passed
* match response //string == 104 .......................................... passed</system-out>
  </testcase>
</testsuite>
