<testsuite failures="0" name="featurefiles/karate01.feature" skipped="0" tests="3" time="0.019437">
  <testcase classname="featurefiles.karate01" name="Karate TestCase1" time="0.015771">
    <system-out>Given def a = 10 .......................................................... passed
And def b = 20 ............................................................ passed
When def c = a + b ........................................................ passed
Then assert  c == 30 ...................................................... passed
And print "c = ", c ....................................................... passed
And karate.log("end of test") ............................................. passed</system-out>
  </testcase>
  <testcase classname="featurefiles.karate01" name="Karate TestCase2" time="0.001793">
    <system-out>Given def a = 10 .......................................................... passed
And def b = 20 ............................................................ passed
When def c = a + b ........................................................ passed
Then assert  c == 30 ...................................................... passed
And print "c = ", c ....................................................... passed
And karate.log("end of test") ............................................. passed
Given def a = 10 .......................................................... passed
* def b = 20 .............................................................. passed
When def c = a + b ........................................................ passed
Then assert  c == 30 ...................................................... passed
* print "c = ", c ......................................................... passed
* karate.log("end of test") ............................................... passed</system-out>
  </testcase>
  <testcase classname="featurefiles.karate01" name="Karate TestCase3" time="0.001874">
    <system-out>Given def a = 10 .......................................................... passed
And def b = 20 ............................................................ passed
When def c = a + b ........................................................ passed
Then assert  c == 30 ...................................................... passed
And print "c = ", c ....................................................... passed
And karate.log("end of test") ............................................. passed
Given def a = 10 .......................................................... passed
* def b = 20 .............................................................. passed
When def c = a + b ........................................................ passed
Then assert  c == 30 ...................................................... passed
* print "c = ", c ......................................................... passed
* karate.log("end of test") ............................................... passed
* def a = 10 .............................................................. passed
* def b = 20 .............................................................. passed
* def c = a + b ........................................................... passed
* assert  c == 30 ......................................................... passed
* print "c = ", c ......................................................... passed
* karate.log("end of test") ............................................... passed</system-out>
  </testcase>
</testsuite>
